{"name": "Smart Hospital Automation Test", "status": "broken", "statusDetails": {"message": "selenium.common.exceptions.WebDriverException: Message: target frame detached\n  (failed to check if window was closed: disconnected: unable to send message to renderer)\n  (Session info: chrome=133.0.6943.126)\nStacktrace:\n\tGetHandleVerifier [0x00007FF696336EE5+28773]\n\t(No symbol) [0x00007FF6962A25D0]\n\t(No symbol) [0x00007FF696138DDC]\n\t(No symbol) [0x00007FF6961260FB]\n\t(No symbol) [0x00007FF696124FAE]\n\t(No symbol) [0x00007FF69614973A]\n\t(No symbol) [0x00007FF6961BEFDF]\n\t(No symbol) [0x00007FF6961DEFE2]\n\t(No symbol) [0x00007FF6961B7023]\n\t(No symbol) [0x00007FF69617FF5E]\n\t(No symbol) [0x00007FF6961811E3]\n\tGetHandleVerifier [0x00007FF69668422D+3490733]\n\tGetHandleVerifier [0x00007FF69669BA13+3586963]\n\tGetHandleVerifier [0x00007FF69669144D+3544525]\n\tGetHandleVerifier [0x00007FF6963FC9AA+838442]\n\t(No symbol) [0x00007FF6962AD01F]\n\t(No symbol) [0x00007FF6962A95E4]\n\t(No symbol) [0x00007FF6962A9786]\n\t(No symbol) [0x00007FF696298CB9]\n\tBaseThreadInitThunk [0x00007FFA6017259D+29]\n\tRtlUserThreadStart [0x00007FFA6196AF38+40]", "trace": "@allure.title(\"Smart Hospital Automation Test\")\n    def test_hospital_settings():\n        driver = webdriver.Chrome()\n        driver.get(\"http://3.111.115.65/demo/smart_hospital_src/site/login\")\n        driver.maximize_window()\n        wait = WebDriverWait(driver, 10)\n    \n        # Helper function with Allure step\n        @allure.step(\"Performing {action} on {locator}\")\n        def interact(by, locator, action=\"click\", value=None):\n            element = wait.until(EC.presence_of_element_located((by, locator)))\n            if action == \"click\":\n                element.click()\n            elif action == \"send_keys\":\n                element.clear()\n                element.send_keys(value)\n            allure.attach(driver.get_screenshot_as_png(), name=\"Screenshot\", attachment_type=allure.attachment_type.PNG)\n    \n        # Login\n        interact(By.NAME, \"username\", \"send_keys\", \"test1@gmail.com\")\n        interact(By.NAME, \"password\", \"send_keys\", \"Test@123\")\n        interact(By.XPATH, \"//button[@type='submit']\", \"click\")\n    \n        # Navigate to Hospital Settings\n        interact(By.XPATH, \"//span[text()='Setup']\", \"click\")\n        interact(By.XPATH, \"//a[contains(@href, 'schsettings')]\", \"click\")\n    \n        # Update Hospital Details\n        details = {\n            \"sch_name\": \"New Hospital\",\n            \"sch_dise_code\": \"HOS123\",\n            \"sch_address\": \"123 Street\",\n            \"sch_phone\": \"9876543210\",\n            \"sch_email\": \"hospital@example.com\"\n        }\n        for name, value in details.items():\n>           interact(By.NAME, name, \"send_keys\", value)\n\nApple.py:45: \n_ _ _ _ _ _ _ _ _ _ _ _ _ _ _ _ _ _ _ _ _ _ _ _ _ _ _ _ _ _ _ _ _ _ _ _ _ _ _ _ _ _ _ _ _ _ _ _ _ _ _ _ _ _ _ _ _ _ _ _ _ _ _ _ _ _ _ _ _ _ _ _ _ _ \nApple.py:19: in interact\n    element = wait.until(EC.presence_of_element_located((by, locator)))\n..\\..\\..\\AppData\\Local\\Programs\\Python\\Python313\\Lib\\site-packages\\selenium\\webdriver\\support\\wait.py:137: in until\n    value = method(self._driver)\n..\\..\\..\\AppData\\Local\\Programs\\Python\\Python313\\Lib\\site-packages\\selenium\\webdriver\\support\\expected_conditions.py:110: in _predicate\n    return driver.find_element(*locator)\n..\\..\\..\\AppData\\Local\\Programs\\Python\\Python313\\Lib\\site-packages\\selenium\\webdriver\\remote\\webdriver.py:888: in find_element\n    return self.execute(Command.FIND_ELEMENT, {\"using\": by, \"value\": value})[\"value\"]\n..\\..\\..\\AppData\\Local\\Programs\\Python\\Python313\\Lib\\site-packages\\selenium\\webdriver\\remote\\webdriver.py:429: in execute\n    self.error_handler.check_response(response)\n_ _ _ _ _ _ _ _ _ _ _ _ _ _ _ _ _ _ _ _ _ _ _ _ _ _ _ _ _ _ _ _ _ _ _ _ _ _ _ _ _ _ _ _ _ _ _ _ _ _ _ _ _ _ _ _ _ _ _ _ _ _ _ _ _ _ _ _ _ _ _ _ _ _ \n\nself = <selenium.webdriver.remote.errorhandler.ErrorHandler object at 0x000001E3E6BC3620>\nresponse = {'status': 404, 'value': '{\"value\":{\"error\":\"target frame detached\",\"message\":\"target frame detached\\\\n  (failed to ch...07FF696298CB9]\\\\n\\\\tBaseThreadInitThunk [0x00007FFA6017259D+29]\\\\n\\\\tRtlUserThreadStart [0x00007FFA6196AF38+40]\\\\n\"}}'}\n\n    def check_response(self, response: Dict[str, Any]) -> None:\n        \"\"\"Checks that a JSON response from the WebDriver does not have an\n        error.\n    \n        :Args:\n         - response - The JSON response from the WebDriver server as a dictionary\n           object.\n    \n        :Raises: If the response contains an error message.\n        \"\"\"\n        status = response.get(\"status\", None)\n        if not status or status == ErrorCode.SUCCESS:\n            return\n        value = None\n        message = response.get(\"message\", \"\")\n        screen: str = response.get(\"screen\", \"\")\n        stacktrace = None\n        if isinstance(status, int):\n            value_json = response.get(\"value\", None)\n            if value_json and isinstance(value_json, str):\n                import json\n    \n                try:\n                    value = json.loads(value_json)\n                    if len(value) == 1:\n                        value = value[\"value\"]\n                    status = value.get(\"error\", None)\n                    if not status:\n                        status = value.get(\"status\", ErrorCode.UNKNOWN_ERROR)\n                        message = value.get(\"value\") or value.get(\"message\")\n                        if not isinstance(message, str):\n                            value = message\n                            message = message.get(\"message\")\n                    else:\n                        message = value.get(\"message\", None)\n                except ValueError:\n                    pass\n    \n        exception_class: Type[WebDriverException]\n        e = ErrorCode()\n        error_codes = [item for item in dir(e) if not item.startswith(\"__\")]\n        for error_code in error_codes:\n            error_info = getattr(ErrorCode, error_code)\n            if isinstance(error_info, list) and status in error_info:\n                exception_class = getattr(ExceptionMapping, error_code, WebDriverException)\n                break\n        else:\n            exception_class = WebDriverException\n    \n        if not value:\n            value = response[\"value\"]\n        if isinstance(value, str):\n            raise exception_class(value)\n        if message == \"\" and \"message\" in value:\n            message = value[\"message\"]\n    \n        screen = None  # type: ignore[assignment]\n        if \"screen\" in value:\n            screen = value[\"screen\"]\n    \n        stacktrace = None\n        st_value = value.get(\"stackTrace\") or value.get(\"stacktrace\")\n        if st_value:\n            if isinstance(st_value, str):\n                stacktrace = st_value.split(\"\\n\")\n            else:\n                stacktrace = []\n                try:\n                    for frame in st_value:\n                        line = frame.get(\"lineNumber\", \"\")\n                        file = frame.get(\"fileName\", \"<anonymous>\")\n                        if line:\n                            file = f\"{file}:{line}\"\n                        meth = frame.get(\"methodName\", \"<anonymous>\")\n                        if \"className\" in frame:\n                            meth = f\"{frame['className']}.{meth}\"\n                        msg = \"    at %s (%s)\"\n                        msg = msg % (meth, file)\n                        stacktrace.append(msg)\n                except TypeError:\n                    pass\n        if exception_class == UnexpectedAlertPresentException:\n            alert_text = None\n            if \"data\" in value:\n                alert_text = value[\"data\"].get(\"text\")\n            elif \"alert\" in value:\n                alert_text = value[\"alert\"].get(\"text\")\n            raise exception_class(message, screen, stacktrace, alert_text)  # type: ignore[call-arg]  # mypy is not smart enough here\n>       raise exception_class(message, screen, stacktrace)\nE       selenium.common.exceptions.WebDriverException: Message: target frame detached\nE         (failed to check if window was closed: disconnected: unable to send message to renderer)\nE         (Session info: chrome=133.0.6943.126)\nE       Stacktrace:\nE       \tGetHandleVerifier [0x00007FF696336EE5+28773]\nE       \t(No symbol) [0x00007FF6962A25D0]\nE       \t(No symbol) [0x00007FF696138DDC]\nE       \t(No symbol) [0x00007FF6961260FB]\nE       \t(No symbol) [0x00007FF696124FAE]\nE       \t(No symbol) [0x00007FF69614973A]\nE       \t(No symbol) [0x00007FF6961BEFDF]\nE       \t(No symbol) [0x00007FF6961DEFE2]\nE       \t(No symbol) [0x00007FF6961B7023]\nE       \t(No symbol) [0x00007FF69617FF5E]\nE       \t(No symbol) [0x00007FF6961811E3]\nE       \tGetHandleVerifier [0x00007FF69668422D+3490733]\nE       \tGetHandleVerifier [0x00007FF69669BA13+3586963]\nE       \tGetHandleVerifier [0x00007FF69669144D+3544525]\nE       \tGetHandleVerifier [0x00007FF6963FC9AA+838442]\nE       \t(No symbol) [0x00007FF6962AD01F]\nE       \t(No symbol) [0x00007FF6962A95E4]\nE       \t(No symbol) [0x00007FF6962A9786]\nE       \t(No symbol) [0x00007FF696298CB9]\nE       \tBaseThreadInitThunk [0x00007FFA6017259D+29]\nE       \tRtlUserThreadStart [0x00007FFA6196AF38+40]\n\n..\\..\\..\\AppData\\Local\\Programs\\Python\\Python313\\Lib\\site-packages\\selenium\\webdriver\\remote\\errorhandler.py:232: WebDriverException"}, "steps": [{"name": "Performing 'send_keys' on 'username'", "status": "passed", "attachments": [{"name": "Screenshot", "source": "44a79800-0034-4d4b-853e-3ca5bbe4c93d-attachment.png", "type": "image/png"}], "parameters": [{"name": "by", "value": "'name'"}, {"name": "locator", "value": "'username'"}, {"name": "action", "value": "'send_keys'"}, {"name": "value", "value": "'test1@gmail.com'"}], "start": 1740046964901, "stop": 1740046965210}, {"name": "Performing 'send_keys' on 'password'", "status": "passed", "attachments": [{"name": "Screenshot", "source": "bdf36ce1-e3d7-401b-bac5-a0693254e566-attachment.png", "type": "image/png"}], "parameters": [{"name": "by", "value": "'name'"}, {"name": "locator", "value": "'password'"}, {"name": "action", "value": "'send_keys'"}, {"name": "value", "value": "'Test@123'"}], "start": 1740046965210, "stop": 1740046965576}, {"name": "Performing 'click' on '//button[@type='submit']'", "status": "passed", "attachments": [{"name": "Screenshot", "source": "97d36a3e-4620-4daa-8cf2-12655ca29598-attachment.png", "type": "image/png"}], "parameters": [{"name": "by", "value": "'xpath'"}, {"name": "locator", "value": "'//button[@type='submit']'"}, {"name": "action", "value": "'click'"}, {"name": "value", "value": "None"}], "start": 1740046965576, "stop": 1740046971479}, {"name": "Performing 'click' on '//span[text()='Setup']'", "status": "passed", "attachments": [{"name": "Screenshot", "source": "d907b6de-ba6c-4318-a321-e23b8805950c-attachment.png", "type": "image/png"}], "parameters": [{"name": "by", "value": "'xpath'"}, {"name": "locator", "value": "'//span[text()='Setup']'"}, {"name": "action", "value": "'click'"}, {"name": "value", "value": "None"}], "start": 1740046971479, "stop": 1740046971814}, {"name": "Performing 'click' on '//a[contains(@href, 'schsettings')]'", "status": "passed", "attachments": [{"name": "Screenshot", "source": "a11088b8-dc2d-4067-ad9c-3fc1cf11cd38-attachment.png", "type": "image/png"}], "parameters": [{"name": "by", "value": "'xpath'"}, {"name": "locator", "value": "'//a[contains(@href, 'schsettings')]'"}, {"name": "action", "value": "'click'"}, {"name": "value", "value": "None"}], "start": 1740046971814, "stop": 1740046975643}, {"name": "Performing 'send_keys' on 'sch_name'", "status": "passed", "attachments": [{"name": "Screenshot", "source": "abd6ec76-d7df-413d-be3a-b1a58cea3b0e-attachment.png", "type": "image/png"}], "parameters": [{"name": "by", "value": "'name'"}, {"name": "locator", "value": "'sch_name'"}, {"name": "action", "value": "'send_keys'"}, {"name": "value", "value": "'New Hospital'"}], "start": 1740046975643, "stop": 1740046976022}, {"name": "Performing 'send_keys' on 'sch_dise_code'", "status": "passed", "attachments": [{"name": "Screenshot", "source": "e79d402c-10bd-43a8-9b11-d1e4a9a8ef92-attachment.png", "type": "image/png"}], "parameters": [{"name": "by", "value": "'name'"}, {"name": "locator", "value": "'sch_dise_code'"}, {"name": "action", "value": "'send_keys'"}, {"name": "value", "value": "'HOS123'"}], "start": 1740046976023, "stop": 1740046976374}, {"name": "Performing 'send_keys' on 'sch_address'", "status": "passed", "attachments": [{"name": "Screenshot", "source": "d9e4b154-0a5a-47d0-a05c-f3a970feb135-attachment.png", "type": "image/png"}], "parameters": [{"name": "by", "value": "'name'"}, {"name": "locator", "value": "'sch_address'"}, {"name": "action", "value": "'send_keys'"}, {"name": "value", "value": "'123 Street'"}], "start": 1740046976375, "stop": 1740046976906}, {"name": "Performing 'send_keys' on 'sch_phone'", "status": "broken", "statusDetails": {"message": "selenium.common.exceptions.WebDriverException: Message: target frame detached\n  (failed to check if window was closed: disconnected: unable to send message to renderer)\n  (Session info: chrome=133.0.6943.126)\nStacktrace:\n\tGetHandleVerifier [0x00007FF696336EE5+28773]\n\t(No symbol) [0x00007FF6962A25D0]\n\t(No symbol) [0x00007FF696138DDC]\n\t(No symbol) [0x00007FF6961260FB]\n\t(No symbol) [0x00007FF696124FAE]\n\t(No symbol) [0x00007FF69614973A]\n\t(No symbol) [0x00007FF6961BEFDF]\n\t(No symbol) [0x00007FF6961DEFE2]\n\t(No symbol) [0x00007FF6961B7023]\n\t(No symbol) [0x00007FF69617FF5E]\n\t(No symbol) [0x00007FF6961811E3]\n\tGetHandleVerifier [0x00007FF69668422D+3490733]\n\tGetHandleVerifier [0x00007FF69669BA13+3586963]\n\tGetHandleVerifier [0x00007FF69669144D+3544525]\n\tGetHandleVerifier [0x00007FF6963FC9AA+838442]\n\t(No symbol) [0x00007FF6962AD01F]\n\t(No symbol) [0x00007FF6962A95E4]\n\t(No symbol) [0x00007FF6962A9786]\n\t(No symbol) [0x00007FF696298CB9]\n\tBaseThreadInitThunk [0x00007FFA6017259D+29]\n\tRtlUserThreadStart [0x00007FFA6196AF38+40]\n\n", "trace": "  File \"C:\\Users\\ADMIN\\AppData\\Local\\Programs\\Python\\Python313\\Lib\\site-packages\\allure_commons\\_allure.py\", line 192, in impl\n    return func(*a, **kw)\n  File \"C:\\Users\\ADMIN\\OneDrive\\Desktop\\PHP_HIMS\\Apple.py\", line 19, in interact\n    element = wait.until(EC.presence_of_element_located((by, locator)))\n  File \"C:\\Users\\ADMIN\\AppData\\Local\\Programs\\Python\\Python313\\Lib\\site-packages\\selenium\\webdriver\\support\\wait.py\", line 137, in until\n    value = method(self._driver)\n  File \"C:\\Users\\ADMIN\\AppData\\Local\\Programs\\Python\\Python313\\Lib\\site-packages\\selenium\\webdriver\\support\\expected_conditions.py\", line 110, in _predicate\n    return driver.find_element(*locator)\n           ~~~~~~~~~~~~~~~~~~~^^^^^^^^^^\n  File \"C:\\Users\\ADMIN\\AppData\\Local\\Programs\\Python\\Python313\\Lib\\site-packages\\selenium\\webdriver\\remote\\webdriver.py\", line 888, in find_element\n    return self.execute(Command.FIND_ELEMENT, {\"using\": by, \"value\": value})[\"value\"]\n           ~~~~~~~~~~~~^^^^^^^^^^^^^^^^^^^^^^^^^^^^^^^^^^^^^^^^^^^^^^^^^^^^^\n  File \"C:\\Users\\ADMIN\\AppData\\Local\\Programs\\Python\\Python313\\Lib\\site-packages\\selenium\\webdriver\\remote\\webdriver.py\", line 429, in execute\n    self.error_handler.check_response(response)\n    ~~~~~~~~~~~~~~~~~~~~~~~~~~~~~~~~~^^^^^^^^^^\n  File \"C:\\Users\\ADMIN\\AppData\\Local\\Programs\\Python\\Python313\\Lib\\site-packages\\selenium\\webdriver\\remote\\errorhandler.py\", line 232, in check_response\n    raise exception_class(message, screen, stacktrace)\n"}, "parameters": [{"name": "by", "value": "'name'"}, {"name": "locator", "value": "'sch_phone'"}, {"name": "action", "value": "'send_keys'"}, {"name": "value", "value": "'9876543210'"}], "start": 1740046976906, "stop": 1740046976933}], "start": 1740046962295, "stop": 1740046976980, "uuid": "5183ed58-507a-48a8-b107-66b3999a74fd", "historyId": "c786816799ba416623b8dd47ca48a790", "testCaseId": "c786816799ba416623b8dd47ca48a790", "fullName": "Apple#test_hospital_settings", "labels": [{"name": "suite", "value": "Apple"}, {"name": "host", "value": "DESKTOP-5N0UDE1"}, {"name": "thread", "value": "5728-MainThread"}, {"name": "framework", "value": "pytest"}, {"name": "language", "value": "cpython3"}, {"name": "package", "value": "Apple"}]}